<?xml version="1.0" encoding="UTF-8"?>
<coverage generated="1777292855866" clover="3.2.0">
  <project timestamp="1777292855866" name="All files">
    <metrics statements="255" coveredstatements="241" conditionals="112" coveredconditionals="90" methods="48" coveredmethods="45" elements="415" coveredelements="376" complexity="0" loc="255" ncloc="255" packages="1" files="6" classes="6"/>
    <file name="configuration.ts" path="/Users/sammy/go/src/github.com/samuelwoodcore/projects/tracelit/sdk/node/src/configuration.ts">
      <metrics statements="23" coveredstatements="23" conditionals="17" coveredconditionals="16" methods="6" coveredmethods="6"/>
      <line num="3" count="2" type="stmt"/>
      <line num="20" count="2" type="stmt"/>
      <line num="30" count="56" type="stmt"/>
      <line num="31" count="56" type="stmt"/>
      <line num="32" count="56" type="cond" truecount="2" falsecount="0"/>
      <line num="33" count="56" type="cond" truecount="2" falsecount="0"/>
      <line num="34" count="56" type="stmt"/>
      <line num="35" count="56" type="stmt"/>
      <line num="36" count="56" type="stmt"/>
      <line num="44" count="25" type="cond" truecount="1" falsecount="0"/>
      <line num="45" count="3" type="stmt"/>
      <line num="51" count="22" type="cond" truecount="1" falsecount="0"/>
      <line num="52" count="3" type="stmt"/>
      <line num="58" count="19" type="cond" truecount="3" falsecount="0"/>
      <line num="59" count="2" type="stmt"/>
      <line num="71" count="35" type="cond" truecount="3" falsecount="0"/>
      <line num="72" count="31" type="stmt"/>
      <line num="74" count="4" type="stmt"/>
      <line num="82" count="45" type="stmt"/>
      <line num="90" count="16" type="stmt"/>
      <line num="99" count="56" type="cond" truecount="1" falsecount="0"/>
      <line num="100" count="3" type="stmt"/>
      <line num="101" count="3" type="cond" truecount="2" falsecount="0"/>
    </file>
    <file name="error-always-on-sampler.ts" path="/Users/sammy/go/src/github.com/samuelwoodcore/projects/tracelit/sdk/node/src/error-always-on-sampler.ts">
      <metrics statements="13" coveredstatements="13" conditionals="3" coveredconditionals="1" methods="3" coveredmethods="3"/>
      <line num="2" count="2" type="stmt"/>
      <line num="7" count="2" type="stmt"/>
      <line num="24" count="2" type="stmt"/>
      <line num="28" count="9" type="stmt"/>
      <line num="42" count="20" type="stmt"/>
      <line num="43" count="20" type="stmt"/>
      <line num="52" count="20" type="cond" truecount="1" falsecount="0"/>
      <line num="53" count="6" type="stmt"/>
      <line num="59" count="14" type="stmt"/>
      <line num="60" count="14" type="cond" truecount="0" falsecount="1"/>
      <line num="61" count="14" type="cond" truecount="0" falsecount="1"/>
      <line num="62" count="14" type="stmt"/>
      <line num="66" count="2" type="stmt"/>
    </file>
    <file name="error-span-processor.ts" path="/Users/sammy/go/src/github.com/samuelwoodcore/projects/tracelit/sdk/node/src/error-span-processor.ts">
      <metrics statements="11" coveredstatements="11" conditionals="5" coveredconditionals="5" methods="6" coveredmethods="6"/>
      <line num="2" count="2" type="stmt"/>
      <line num="5" count="2" type="stmt"/>
      <line num="22" count="2" type="stmt"/>
      <line num="26" count="26" type="stmt"/>
      <line num="35" count="7" type="stmt"/>
      <line num="37" count="7" type="cond" truecount="1" falsecount="0"/>
      <line num="41" count="5" type="cond" truecount="1" falsecount="0"/>
      <line num="44" count="4" type="stmt"/>
      <line num="45" count="3" type="cond" truecount="1" falsecount="0"/>
      <line num="55" count="2" type="cond" truecount="2" falsecount="0"/>
      <line num="61" count="2" type="stmt"/>
    </file>
    <file name="instrumentation.ts" path="/Users/sammy/go/src/github.com/samuelwoodcore/projects/tracelit/sdk/node/src/instrumentation.ts">
      <metrics statements="56" coveredstatements="53" conditionals="15" coveredconditionals="10" methods="7" coveredmethods="7"/>
      <line num="1" count="1" type="stmt"/>
      <line num="2" count="1" type="stmt"/>
      <line num="3" count="1" type="stmt"/>
      <line num="4" count="1" type="stmt"/>
      <line num="8" count="1" type="stmt"/>
      <line num="13" count="1" type="stmt"/>
      <line num="14" count="1" type="stmt"/>
      <line num="15" count="1" type="stmt"/>
      <line num="16" count="1" type="stmt"/>
      <line num="17" count="1" type="stmt"/>
      <line num="20" count="1" type="stmt"/>
      <line num="21" count="1" type="stmt"/>
      <line num="22" count="1" type="stmt"/>
      <line num="23" count="1" type="stmt"/>
      <line num="25" count="1" type="stmt"/>
      <line num="28" count="1" type="stmt"/>
      <line num="40" count="1" type="stmt"/>
      <line num="41" count="19" type="cond" truecount="1" falsecount="0"/>
      <line num="42" count="17" type="cond" truecount="1" falsecount="0"/>
      <line num="44" count="16" type="stmt"/>
      <line num="46" count="14" type="stmt"/>
      <line num="47" count="14" type="stmt"/>
      <line num="48" count="14" type="stmt"/>
      <line num="50" count="14" type="stmt"/>
      <line num="52" count="14" type="stmt"/>
      <line num="53" count="14" type="stmt"/>
      <line num="55" count="1" type="stmt"/>
      <line num="60" count="14" type="stmt"/>
      <line num="61" count="14" type="stmt"/>
      <line num="63" count="0" type="stmt"/>
      <line num="68" count="14" type="stmt"/>
      <line num="72" count="1" type="stmt"/>
      <line num="73" count="17" type="stmt"/>
      <line num="74" count="17" type="stmt"/>
      <line num="85" count="14" type="stmt"/>
      <line num="100" count="14" type="cond" truecount="0" falsecount="1"/>
      <line num="101" count="14" type="cond" truecount="0" falsecount="1"/>
      <line num="102" count="14" type="cond" truecount="0" falsecount="1"/>
      <line num="103" count="14" type="cond" truecount="2" falsecount="1"/>
      <line num="104" count="14" type="cond" truecount="2" falsecount="1"/>
      <line num="105" count="0" type="stmt"/>
      <line num="106" count="14" type="stmt"/>
      <line num="110" count="98" type="stmt"/>
      <line num="112" count="98" type="stmt"/>
      <line num="113" count="0" type="stmt"/>
      <line num="115" count="98" type="stmt"/>
      <line num="125" count="14" type="stmt"/>
      <line num="131" count="14" type="cond" truecount="2" falsecount="0"/>
      <line num="137" count="14" type="stmt"/>
      <line num="146" count="14" type="stmt"/>
      <line num="148" count="14" type="stmt"/>
      <line num="159" count="14" type="stmt"/>
      <line num="167" count="14" type="stmt"/>
      <line num="172" count="14" type="stmt"/>
      <line num="177" count="13" type="stmt"/>
      <line num="180" count="13" type="stmt"/>
    </file>
    <file name="logger-bridge.ts" path="/Users/sammy/go/src/github.com/samuelwoodcore/projects/tracelit/sdk/node/src/logger-bridge.ts">
      <metrics statements="76" coveredstatements="73" conditionals="36" coveredconditionals="27" methods="11" coveredmethods="11"/>
      <line num="1" count="1" type="stmt"/>
      <line num="2" count="1" type="stmt"/>
      <line num="6" count="1" type="stmt"/>
      <line num="19" count="1" type="stmt"/>
      <line num="30" count="1" type="stmt"/>
      <line num="52" count="1" type="stmt"/>
      <line num="56" count="16" type="cond" truecount="0" falsecount="1"/>
      <line num="58" count="16" type="stmt"/>
      <line num="60" count="16" type="stmt"/>
      <line num="62" count="16" type="stmt"/>
      <line num="64" count="16" type="stmt"/>
      <line num="65" count="80" type="stmt"/>
      <line num="66" count="80" type="stmt"/>
      <line num="68" count="80" type="stmt"/>
      <line num="69" count="12" type="cond" truecount="1" falsecount="0"/>
      <line num="70" count="1" type="stmt"/>
      <line num="73" count="12" type="stmt"/>
      <line num="74" count="12" type="stmt"/>
      <line num="76" count="14" type="cond" truecount="2" falsecount="0"/>
      <line num="80" count="12" type="stmt"/>
      <line num="93" count="16" type="stmt"/>
      <line num="94" count="19" type="stmt"/>
      <line num="95" count="95" type="stmt"/>
      <line num="118" count="1" type="stmt"/>
      <line num="120" count="14" type="stmt"/>
      <line num="126" count="1" type="stmt"/>
      <line num="136" count="1" type="stmt"/>
      <line num="147" count="14" type="stmt"/>
      <line num="158" count="12" type="stmt"/>
      <line num="159" count="12" type="stmt"/>
      <line num="161" count="12" type="cond" truecount="2" falsecount="0"/>
      <line num="163" count="12" type="cond" truecount="2" falsecount="0"/>
      <line num="165" count="12" type="stmt"/>
      <line num="166" count="12" type="stmt"/>
      <line num="167" count="2" type="cond" truecount="2" falsecount="0"/>
      <line num="168" count="1" type="stmt"/>
      <line num="169" count="1" type="cond" truecount="3" falsecount="0"/>
      <line num="170" count="1" type="stmt"/>
      <line num="174" count="12" type="stmt"/>
      <line num="185" count="12" type="stmt"/>
      <line num="210" count="1" type="stmt"/>
      <line num="213" count="7" type="stmt"/>
      <line num="219" count="7" type="stmt"/>
      <line num="220" count="9" type="cond" truecount="1" falsecount="0"/>
      <line num="221" count="8" type="cond" truecount="1" falsecount="0"/>
      <line num="222" count="7" type="cond" truecount="1" falsecount="0"/>
      <line num="223" count="6" type="cond" truecount="1" falsecount="0"/>
      <line num="224" count="2" type="cond" truecount="1" falsecount="0"/>
      <line num="225" count="1" type="stmt"/>
      <line num="228" count="7" type="stmt"/>
      <line num="229" count="9" type="cond" truecount="1" falsecount="0"/>
      <line num="230" count="8" type="cond" truecount="1" falsecount="0"/>
      <line num="231" count="7" type="cond" truecount="1" falsecount="0"/>
      <line num="232" count="6" type="cond" truecount="1" falsecount="0"/>
      <line num="233" count="2" type="cond" truecount="1" falsecount="0"/>
      <line num="234" count="1" type="stmt"/>
      <line num="237" count="7" type="stmt"/>
      <line num="244" count="11" type="stmt"/>
      <line num="245" count="11" type="stmt"/>
      <line num="246" count="11" type="cond" truecount="1" falsecount="0"/>
      <line num="247" count="1" type="stmt"/>
      <line num="248" count="1" type="stmt"/>
      <line num="251" count="10" type="stmt"/>
      <line num="258" count="9" type="cond" truecount="0" falsecount="2"/>
      <line num="260" count="9" type="stmt"/>
      <line num="261" count="9" type="stmt"/>
      <line num="262" count="1" type="cond" truecount="1" falsecount="1"/>
      <line num="263" count="1" type="stmt"/>
      <line num="264" count="0" type="cond" truecount="0" falsecount="3"/>
      <line num="265" count="0" type="stmt"/>
      <line num="269" count="9" type="stmt"/>
      <line num="280" count="10" type="stmt"/>
      <line num="284" count="7" type="stmt"/>
      <line num="288" count="3" type="stmt"/>
      <line num="289" count="3" type="cond" truecount="1" falsecount="1"/>
      <line num="291" count="0" type="stmt"/>
    </file>
    <file name="metrics.ts" path="/Users/sammy/go/src/github.com/samuelwoodcore/projects/tracelit/sdk/node/src/metrics.ts">
      <metrics statements="76" coveredstatements="68" conditionals="36" coveredconditionals="31" methods="15" coveredmethods="12"/>
      <line num="1" count="2" type="stmt"/>
      <line num="9" count="2" type="stmt"/>
      <line num="13" count="2" type="stmt"/>
      <line num="17" count="2" type="stmt"/>
      <line num="20" count="2" type="stmt"/>
      <line num="21" count="2" type="stmt"/>
      <line num="34" count="2" type="stmt"/>
      <line num="40" count="35" type="cond" truecount="1" falsecount="0"/>
      <line num="42" count="33" type="stmt"/>
      <line num="43" count="33" type="stmt"/>
      <line num="48" count="33" type="stmt"/>
      <line num="54" count="33" type="stmt"/>
      <line num="59" count="32" type="stmt"/>
      <line num="61" count="32" type="stmt"/>
      <line num="63" count="32" type="stmt"/>
      <line num="64" count="32" type="stmt"/>
      <line num="66" count="1" type="stmt"/>
      <line num="73" count="2" type="stmt"/>
      <line num="74" count="43" type="stmt"/>
      <line num="75" count="43" type="cond" truecount="1" falsecount="0"/>
      <line num="76" count="32" type="stmt"/>
      <line num="77" count="32" type="stmt"/>
      <line num="97" count="2" type="stmt"/>
      <line num="101" count="3" type="cond" truecount="1" falsecount="0"/>
      <line num="102" count="2" type="stmt"/>
      <line num="120" count="2" type="stmt"/>
      <line num="124" count="2" type="cond" truecount="1" falsecount="0"/>
      <line num="125" count="1" type="stmt"/>
      <line num="143" count="2" type="stmt"/>
      <line num="147" count="2" type="cond" truecount="1" falsecount="0"/>
      <line num="148" count="1" type="stmt"/>
      <line num="170" count="2" type="stmt"/>
      <line num="174" count="2" type="cond" truecount="1" falsecount="0"/>
      <line num="175" count="1" type="stmt"/>
      <line num="192" count="2" type="stmt"/>
      <line num="193" count="36" type="cond" truecount="1" falsecount="0"/>
      <line num="195" count="35" type="stmt"/>
      <line num="200" count="35" type="stmt"/>
      <line num="202" count="35" type="stmt"/>
      <line num="203" count="0" type="stmt"/>
      <line num="204" count="0" type="stmt"/>
      <line num="205" count="0" type="stmt"/>
      <line num="215" count="35" type="stmt"/>
      <line num="216" count="35" type="stmt"/>
      <line num="226" count="2" type="stmt"/>
      <line num="227" count="35" type="cond" truecount="1" falsecount="0"/>
      <line num="229" count="34" type="stmt"/>
      <line num="234" count="34" type="stmt"/>
      <line num="235" count="34" type="stmt"/>
      <line num="236" count="34" type="stmt"/>
      <line num="238" count="34" type="stmt"/>
      <line num="239" count="0" type="stmt"/>
      <line num="240" count="0" type="stmt"/>
      <line num="241" count="0" type="stmt"/>
      <line num="242" count="0" type="stmt"/>
      <line num="243" count="0" type="stmt"/>
      <line num="252" count="34" type="stmt"/>
      <line num="253" count="34" type="stmt"/>
      <line num="277" count="2" type="stmt"/>
      <line num="282" count="6" type="cond" truecount="1" falsecount="0"/>
      <line num="283" count="1" type="stmt"/>
      <line num="286" count="5" type="stmt"/>
      <line num="291" count="5" type="stmt"/>
      <line num="299" count="5" type="stmt"/>
      <line num="304" count="5" type="stmt"/>
      <line num="309" count="4" type="stmt"/>
      <line num="311" count="4" type="stmt"/>
      <line num="312" count="4" type="stmt"/>
      <line num="313" count="2" type="stmt"/>
      <line num="314" count="2" type="stmt"/>
      <line num="315" count="2" type="stmt"/>
      <line num="321" count="2" type="stmt"/>
      <line num="322" count="2" type="stmt"/>
      <line num="324" count="2" type="cond" truecount="1" falsecount="0"/>
      <line num="325" count="1" type="stmt"/>
      <line num="335" count="4" type="stmt"/>
    </file>
  </project>
</coverage>
