{"/Users/sammy/go/src/github.com/samuelwoodcore/projects/tracelit/sdk/node/src/configuration.ts": {"path":"/Users/sammy/go/src/github.com/samuelwoodcore/projects/tracelit/sdk/node/src/configuration.ts","statementMap":{"0":{"start":{"line":3,"column":25},"end":{"line":3,"column":54}},"1":{"start":{"line":30,"column":4},"end":{"line":30,"column":50}},"2":{"start":{"line":31,"column":4},"end":{"line":31,"column":60}},"3":{"start":{"line":32,"column":4},"end":{"line":32,"column":75}},"4":{"start":{"line":33,"column":4},"end":{"line":33,"column":73}},"5":{"start":{"line":34,"column":4},"end":{"line":34,"column":75}},"6":{"start":{"line":35,"column":4},"end":{"line":35,"column":63}},"7":{"start":{"line":36,"column":4},"end":{"line":36,"column":33}},"8":{"start":{"line":44,"column":4},"end":{"line":49,"column":5}},"9":{"start":{"line":45,"column":6},"end":{"line":48,"column":8}},"10":{"start":{"line":51,"column":4},"end":{"line":56,"column":5}},"11":{"start":{"line":52,"column":6},"end":{"line":55,"column":8}},"12":{"start":{"line":58,"column":4},"end":{"line":62,"column":5}},"13":{"start":{"line":59,"column":6},"end":{"line":61,"column":8}},"14":{"start":{"line":71,"column":4},"end":{"line":73,"column":5}},"15":{"start":{"line":72,"column":6},"end":{"line":72,"column":37}},"16":{"start":{"line":74,"column":4},"end":{"line":74,"column":29}},"17":{"start":{"line":82,"column":4},"end":{"line":82,"column":45}},"18":{"start":{"line":90,"column":4},"end":{"line":94,"column":6}},"19":{"start":{"line":20,"column":0},"end":{"line":20,"column":13}},"20":{"start":{"line":99,"column":2},"end":{"line":99,"column":36}},"21":{"start":{"line":99,"column":25},"end":{"line":99,"column":36}},"22":{"start":{"line":100,"column":17},"end":{"line":100,"column":32}},"23":{"start":{"line":101,"column":2},"end":{"line":101,"column":48}}},"fnMap":{"0":{"name":"(anonymous_0)","decl":{"start":{"line":29,"column":2},"end":{"line":29,"column":null}},"loc":{"start":{"line":29,"column":2},"end":{"line":37,"column":3}}},"1":{"name":"(anonymous_1)","decl":{"start":{"line":43,"column":2},"end":{"line":43,"column":10}},"loc":{"start":{"line":43,"column":10},"end":{"line":63,"column":3}}},"2":{"name":"(anonymous_2)","decl":{"start":{"line":70,"column":2},"end":{"line":70,"column":21}},"loc":{"start":{"line":70,"column":21},"end":{"line":75,"column":3}}},"3":{"name":"(anonymous_3)","decl":{"start":{"line":81,"column":2},"end":{"line":81,"column":6}},"loc":{"start":{"line":81,"column":18},"end":{"line":83,"column":3}}},"4":{"name":"(anonymous_4)","decl":{"start":{"line":89,"column":2},"end":{"line":89,"column":15}},"loc":{"start":{"line":89,"column":15},"end":{"line":95,"column":3}}},"5":{"name":"parseSampleRate","decl":{"start":{"line":98,"column":9},"end":{"line":98,"column":24}},"loc":{"start":{"line":98,"column":48},"end":{"line":102,"column":1}}}},"branchMap":{"0":{"loc":{"start":{"line":32,"column":23},"end":{"line":32,"column":74}},"type":"binary-expr","locations":[{"start":{"line":32,"column":23},"end":{"line":32,"column":58}},{"start":{"line":32,"column":62},"end":{"line":32,"column":74}}]},"1":{"loc":{"start":{"line":33,"column":20},"end":{"line":33,"column":72}},"type":"binary-expr","locations":[{"start":{"line":33,"column":20},"end":{"line":33,"column":52}},{"start":{"line":33,"column":56},"end":{"line":33,"column":72}}]},"2":{"loc":{"start":{"line":44,"column":4},"end":{"line":49,"column":5}},"type":"if","locations":[{"start":{"line":44,"column":4},"end":{"line":49,"column":5}}]},"3":{"loc":{"start":{"line":51,"column":4},"end":{"line":56,"column":5}},"type":"if","locations":[{"start":{"line":51,"column":4},"end":{"line":56,"column":5}}]},"4":{"loc":{"start":{"line":58,"column":4},"end":{"line":62,"column":5}},"type":"if","locations":[{"start":{"line":58,"column":4},"end":{"line":62,"column":5}}]},"5":{"loc":{"start":{"line":58,"column":8},"end":{"line":58,"column":50}},"type":"binary-expr","locations":[{"start":{"line":58,"column":8},"end":{"line":58,"column":27}},{"start":{"line":58,"column":31},"end":{"line":58,"column":50}}]},"6":{"loc":{"start":{"line":71,"column":4},"end":{"line":73,"column":5}},"type":"if","locations":[{"start":{"line":71,"column":4},"end":{"line":73,"column":5}}]},"7":{"loc":{"start":{"line":71,"column":8},"end":{"line":71,"column":62}},"type":"binary-expr","locations":[{"start":{"line":71,"column":8},"end":{"line":71,"column":24}},{"start":{"line":71,"column":28},"end":{"line":71,"column":62}}]},"8":{"loc":{"start":{"line":91,"column":31},"end":{"line":91,"column":48}},"type":"binary-expr","locations":[{"start":{"line":91,"column":31},"end":{"line":91,"column":42}},{"start":{"line":91,"column":46},"end":{"line":91,"column":48}}]},"9":{"loc":{"start":{"line":99,"column":2},"end":{"line":99,"column":36}},"type":"if","locations":[{"start":{"line":99,"column":2},"end":{"line":99,"column":36}}]},"10":{"loc":{"start":{"line":101,"column":9},"end":{"line":101,"column":47}},"type":"cond-expr","locations":[{"start":{"line":101,"column":35},"end":{"line":101,"column":41}},{"start":{"line":101,"column":44},"end":{"line":101,"column":47}}]}},"s":{"0":2,"1":56,"2":56,"3":56,"4":56,"5":56,"6":56,"7":56,"8":25,"9":3,"10":22,"11":3,"12":19,"13":2,"14":35,"15":31,"16":4,"17":45,"18":16,"19":2,"20":56,"21":53,"22":3,"23":3},"f":{"0":56,"1":25,"2":35,"3":45,"4":16,"5":56},"b":{"0":[56,55],"1":[56,55],"2":[3],"3":[3],"4":[2],"5":[19,18],"6":[31],"7":[35,32],"8":[16,0],"9":[53],"10":[2,1]}}
,"/Users/sammy/go/src/github.com/samuelwoodcore/projects/tracelit/sdk/node/src/error-always-on-sampler.ts": {"path":"/Users/sammy/go/src/github.com/samuelwoodcore/projects/tracelit/sdk/node/src/error-always-on-sampler.ts","statementMap":{"0":{"start":{"line":2,"column":0},"end":{"line":2,"column":null}},"1":{"start":{"line":7,"column":0},"end":{"line":7,"column":73}},"2":{"start":{"line":28,"column":4},"end":{"line":28,"column":52}},"3":{"start":{"line":42,"column":29},"end":{"line":42,"column":39}},"4":{"start":{"line":43,"column":19},"end":{"line":49,"column":null}},"5":{"start":{"line":52,"column":4},"end":{"line":54,"column":5}},"6":{"start":{"line":53,"column":6},"end":{"line":53,"column":20}},"7":{"start":{"line":59,"column":37},"end":{"line":59,"column":74}},"8":{"start":{"line":60,"column":4},"end":{"line":60,"column":81}},"9":{"start":{"line":60,"column":41},"end":{"line":60,"column":81}},"10":{"start":{"line":61,"column":4},"end":{"line":61,"column":81}},"11":{"start":{"line":61,"column":41},"end":{"line":61,"column":81}},"12":{"start":{"line":62,"column":4},"end":{"line":62,"column":20}},"13":{"start":{"line":66,"column":4},"end":{"line":66,"column":60}},"14":{"start":{"line":24,"column":0},"end":{"line":24,"column":13}}},"fnMap":{"0":{"name":"(anonymous_0)","decl":{"start":{"line":27,"column":2},"end":{"line":27,"column":14}},"loc":{"start":{"line":27,"column":26},"end":{"line":29,"column":3}}},"1":{"name":"(anonymous_1)","decl":{"start":{"line":31,"column":2},"end":{"line":31,"column":14}},"loc":{"start":{"line":37,"column":17},"end":{"line":63,"column":3}}},"2":{"name":"(anonymous_2)","decl":{"start":{"line":65,"column":2},"end":{"line":65,"column":10}},"loc":{"start":{"line":65,"column":10},"end":{"line":67,"column":3}}}},"branchMap":{"0":{"loc":{"start":{"line":52,"column":4},"end":{"line":54,"column":5}},"type":"if","locations":[{"start":{"line":52,"column":4},"end":{"line":54,"column":5}}]},"1":{"loc":{"start":{"line":60,"column":4},"end":{"line":60,"column":81}},"type":"if","locations":[{"start":{"line":60,"column":4},"end":{"line":60,"column":81}}]},"2":{"loc":{"start":{"line":61,"column":4},"end":{"line":61,"column":81}},"type":"if","locations":[{"start":{"line":61,"column":4},"end":{"line":61,"column":81}}]}},"s":{"0":2,"1":2,"2":9,"3":20,"4":20,"5":20,"6":6,"7":14,"8":14,"9":0,"10":14,"11":0,"12":14,"13":2,"14":2},"f":{"0":9,"1":20,"2":2},"b":{"0":[6],"1":[0],"2":[0]}}
,"/Users/sammy/go/src/github.com/samuelwoodcore/projects/tracelit/sdk/node/src/error-span-processor.ts": {"path":"/Users/sammy/go/src/github.com/samuelwoodcore/projects/tracelit/sdk/node/src/error-span-processor.ts","statementMap":{"0":{"start":{"line":2,"column":0},"end":{"line":2,"column":64}},"1":{"start":{"line":5,"column":0},"end":{"line":5,"column":55}},"2":{"start":{"line":26,"column":4},"end":{"line":26,"column":29}},"3":{"start":{"line":35,"column":4},"end":{"line":51,"column":5}},"4":{"start":{"line":37,"column":6},"end":{"line":37,"column":60}},"5":{"start":{"line":37,"column":53},"end":{"line":37,"column":60}},"6":{"start":{"line":41,"column":6},"end":{"line":41,"column":69}},"7":{"start":{"line":41,"column":62},"end":{"line":41,"column":69}},"8":{"start":{"line":44,"column":6},"end":{"line":48,"column":9}},"9":{"start":{"line":45,"column":8},"end":{"line":47,"column":9}},"10":{"start":{"line":55,"column":4},"end":{"line":55,"column":61}},"11":{"start":{"line":61,"column":4},"end":{"line":61,"column":29}},"12":{"start":{"line":22,"column":0},"end":{"line":22,"column":13}}},"fnMap":{"0":{"name":"(anonymous_0)","decl":{"start":{"line":25,"column":2},"end":{"line":25,"column":14}},"loc":{"start":{"line":25,"column":36},"end":{"line":27,"column":3}}},"1":{"name":"(anonymous_1)","decl":{"start":{"line":30,"column":2},"end":{"line":30,"column":9}},"loc":{"start":{"line":30,"column":46},"end":{"line":32,"column":3}}},"2":{"name":"(anonymous_2)","decl":{"start":{"line":34,"column":2},"end":{"line":34,"column":7}},"loc":{"start":{"line":34,"column":26},"end":{"line":52,"column":3}}},"3":{"name":"(anonymous_3)","decl":{"start":{"line":44,"column":35},"end":{"line":44,"column":36}},"loc":{"start":{"line":44,"column":46},"end":{"line":48,"column":7}}},"4":{"name":"(anonymous_4)","decl":{"start":{"line":54,"column":2},"end":{"line":54,"column":12}},"loc":{"start":{"line":54,"column":12},"end":{"line":56,"column":3}}},"5":{"name":"(anonymous_5)","decl":{"start":{"line":58,"column":2},"end":{"line":58,"column":10}},"loc":{"start":{"line":58,"column":10},"end":{"line":62,"column":3}}}},"branchMap":{"0":{"loc":{"start":{"line":37,"column":6},"end":{"line":37,"column":60}},"type":"if","locations":[{"start":{"line":37,"column":6},"end":{"line":37,"column":60}}]},"1":{"loc":{"start":{"line":41,"column":6},"end":{"line":41,"column":69}},"type":"if","locations":[{"start":{"line":41,"column":6},"end":{"line":41,"column":69}}]},"2":{"loc":{"start":{"line":45,"column":8},"end":{"line":47,"column":9}},"type":"if","locations":[{"start":{"line":45,"column":8},"end":{"line":47,"column":9}}]},"3":{"loc":{"start":{"line":55,"column":11},"end":{"line":55,"column":60}},"type":"binary-expr","locations":[{"start":{"line":55,"column":11},"end":{"line":55,"column":39}},{"start":{"line":55,"column":43},"end":{"line":55,"column":60}}]}},"s":{"0":2,"1":2,"2":26,"3":7,"4":7,"5":2,"6":5,"7":1,"8":4,"9":3,"10":2,"11":2,"12":2},"f":{"0":26,"1":1,"2":7,"3":3,"4":2,"5":2},"b":{"0":[2],"1":[1],"2":[1],"3":[2,1]}}
,"/Users/sammy/go/src/github.com/samuelwoodcore/projects/tracelit/sdk/node/src/instrumentation.ts": {"path":"/Users/sammy/go/src/github.com/samuelwoodcore/projects/tracelit/sdk/node/src/instrumentation.ts","statementMap":{"0":{"start":{"line":40,"column":0},"end":{"line":40,"column":16}},"1":{"start":{"line":72,"column":0},"end":{"line":72,"column":16}},"2":{"start":{"line":1,"column":0},"end":{"line":1,"column":43}},"3":{"start":{"line":2,"column":0},"end":{"line":2,"column":47}},"4":{"start":{"line":3,"column":0},"end":{"line":3,"column":66}},"5":{"start":{"line":4,"column":0},"end":{"line":4,"column":null}},"6":{"start":{"line":8,"column":0},"end":{"line":8,"column":null}},"7":{"start":{"line":13,"column":0},"end":{"line":13,"column":77}},"8":{"start":{"line":14,"column":0},"end":{"line":14,"column":82}},"9":{"start":{"line":15,"column":0},"end":{"line":15,"column":74}},"10":{"start":{"line":16,"column":0},"end":{"line":16,"column":88}},"11":{"start":{"line":17,"column":0},"end":{"line":17,"column":74}},"12":{"start":{"line":20,"column":0},"end":{"line":20,"column":65}},"13":{"start":{"line":21,"column":0},"end":{"line":21,"column":60}},"14":{"start":{"line":22,"column":0},"end":{"line":22,"column":55}},"15":{"start":{"line":23,"column":0},"end":{"line":23,"column":37}},"16":{"start":{"line":25,"column":13},"end":{"line":25,"column":35}},"17":{"start":{"line":28,"column":17},"end":{"line":28,"column":22}},"18":{"start":{"line":41,"column":2},"end":{"line":41,"column":25}},"19":{"start":{"line":41,"column":18},"end":{"line":41,"column":25}},"20":{"start":{"line":42,"column":2},"end":{"line":42,"column":30}},"21":{"start":{"line":42,"column":23},"end":{"line":42,"column":30}},"22":{"start":{"line":44,"column":2},"end":{"line":44,"column":20}},"23":{"start":{"line":46,"column":22},"end":{"line":46,"column":50}},"24":{"start":{"line":47,"column":18},"end":{"line":47,"column":40}},"25":{"start":{"line":48,"column":19},"end":{"line":48,"column":53}},"26":{"start":{"line":50,"column":2},"end":{"line":50,"column":54}},"27":{"start":{"line":52,"column":2},"end":{"line":58,"column":3}},"28":{"start":{"line":53,"column":4},"end":{"line":53,"column":41}},"29":{"start":{"line":55,"column":4},"end":{"line":57,"column":6}},"30":{"start":{"line":60,"column":2},"end":{"line":66,"column":3}},"31":{"start":{"line":61,"column":4},"end":{"line":61,"column":71}},"32":{"start":{"line":63,"column":4},"end":{"line":65,"column":6}},"33":{"start":{"line":68,"column":2},"end":{"line":68,"column":20}},"34":{"start":{"line":73,"column":2},"end":{"line":73,"column":21}},"35":{"start":{"line":74,"column":2},"end":{"line":74,"column":18}},"36":{"start":{"line":85,"column":2},"end":{"line":92,"column":5}},"37":{"start":{"line":100,"column":2},"end":{"line":100,"column":51}},"38":{"start":{"line":100,"column":34},"end":{"line":100,"column":51}},"39":{"start":{"line":101,"column":2},"end":{"line":101,"column":51}},"40":{"start":{"line":101,"column":34},"end":{"line":101,"column":51}},"41":{"start":{"line":102,"column":2},"end":{"line":102,"column":43}},"42":{"start":{"line":102,"column":30},"end":{"line":102,"column":43}},"43":{"start":{"line":103,"column":2},"end":{"line":103,"column":78}},"44":{"start":{"line":103,"column":64},"end":{"line":103,"column":78}},"45":{"start":{"line":104,"column":2},"end":{"line":105,"column":20}},"46":{"start":{"line":105,"column":4},"end":{"line":105,"column":20}},"47":{"start":{"line":106,"column":2},"end":{"line":106,"column":18}},"48":{"start":{"line":110,"column":2},"end":{"line":116,"column":3}},"49":{"start":{"line":112,"column":4},"end":{"line":112,"column":26}},"50":{"start":{"line":113,"column":4},"end":{"line":113,"column":16}},"51":{"start":{"line":115,"column":4},"end":{"line":115,"column":17}},"52":{"start":{"line":125,"column":19},"end":{"line":128,"column":4}},"53":{"start":{"line":131,"column":4},"end":{"line":135,"column":17}},"54":{"start":{"line":137,"column":25},"end":{"line":144,"column":4}},"55":{"start":{"line":146,"column":2},"end":{"line":146,"column":28}},"56":{"start":{"line":148,"column":2},"end":{"line":156,"column":5}},"57":{"start":{"line":159,"column":2},"end":{"line":159,"column":33}},"58":{"start":{"line":167,"column":23},"end":{"line":170,"column":4}},"59":{"start":{"line":172,"column":25},"end":{"line":175,"column":4}},"60":{"start":{"line":177,"column":2},"end":{"line":177,"column":47}},"61":{"start":{"line":180,"column":2},"end":{"line":180,"column":39}}},"fnMap":{"0":{"name":"setup","decl":{"start":{"line":40,"column":16},"end":{"line":40,"column":21}},"loc":{"start":{"line":40,"column":43},"end":{"line":69,"column":1}}},"1":{"name":"reset","decl":{"start":{"line":72,"column":16},"end":{"line":72,"column":21}},"loc":{"start":{"line":72,"column":21},"end":{"line":75,"column":1}}},"2":{"name":"buildResource","decl":{"start":{"line":81,"column":9},"end":{"line":81,"column":22}},"loc":{"start":{"line":83,"column":21},"end":{"line":93,"column":1}}},"3":{"name":"detectFramework","decl":{"start":{"line":99,"column":9},"end":{"line":99,"column":24}},"loc":{"start":{"line":99,"column":24},"end":{"line":107,"column":1}}},"4":{"name":"isModulePresent","decl":{"start":{"line":109,"column":9},"end":{"line":109,"column":24}},"loc":{"start":{"line":109,"column":37},"end":{"line":117,"column":1}}},"5":{"name":"setupTraces","decl":{"start":{"line":119,"column":9},"end":{"line":119,"column":20}},"loc":{"start":{"line":123,"column":21},"end":{"line":160,"column":1}}},"6":{"name":"setupLogs","decl":{"start":{"line":162,"column":9},"end":{"line":162,"column":18}},"loc":{"start":{"line":165,"column":33},"end":{"line":181,"column":1}}}},"branchMap":{"0":{"loc":{"start":{"line":41,"column":2},"end":{"line":41,"column":25}},"type":"if","locations":[{"start":{"line":41,"column":2},"end":{"line":41,"column":25}}]},"1":{"loc":{"start":{"line":42,"column":2},"end":{"line":42,"column":30}},"type":"if","locations":[{"start":{"line":42,"column":2},"end":{"line":42,"column":30}}]},"2":{"loc":{"start":{"line":100,"column":2},"end":{"line":100,"column":51}},"type":"if","locations":[{"start":{"line":100,"column":2},"end":{"line":100,"column":51}}]},"3":{"loc":{"start":{"line":101,"column":2},"end":{"line":101,"column":51}},"type":"if","locations":[{"start":{"line":101,"column":2},"end":{"line":101,"column":51}}]},"4":{"loc":{"start":{"line":102,"column":2},"end":{"line":102,"column":43}},"type":"if","locations":[{"start":{"line":102,"column":2},"end":{"line":102,"column":43}}]},"5":{"loc":{"start":{"line":103,"column":2},"end":{"line":103,"column":78}},"type":"if","locations":[{"start":{"line":103,"column":2},"end":{"line":103,"column":78}}]},"6":{"loc":{"start":{"line":103,"column":6},"end":{"line":103,"column":62}},"type":"binary-expr","locations":[{"start":{"line":103,"column":6},"end":{"line":103,"column":29}},{"start":{"line":103,"column":33},"end":{"line":103,"column":62}}]},"7":{"loc":{"start":{"line":104,"column":2},"end":{"line":105,"column":20}},"type":"if","locations":[{"start":{"line":104,"column":2},"end":{"line":105,"column":20}}]},"8":{"loc":{"start":{"line":104,"column":6},"end":{"line":104,"column":71}},"type":"binary-expr","locations":[{"start":{"line":104,"column":6},"end":{"line":104,"column":36}},{"start":{"line":104,"column":40},"end":{"line":104,"column":71}}]},"9":{"loc":{"start":{"line":131,"column":4},"end":{"line":135,"column":17}},"type":"cond-expr","locations":[{"start":{"line":132,"column":8},"end":{"line":134,"column":10}},{"start":{"line":135,"column":8},"end":{"line":135,"column":17}}]},"10":{"loc":{"start":{"line":139,"column":8},"end":{"line":139,"column":48}},"type":"cond-expr","locations":[{"start":{"line":139,"column":32},"end":{"line":139,"column":43}},{"start":{"line":139,"column":46},"end":{"line":139,"column":48}}]}},"s":{"0":1,"1":1,"2":1,"3":1,"4":1,"5":1,"6":1,"7":1,"8":1,"9":1,"10":1,"11":1,"12":1,"13":1,"14":1,"15":1,"16":1,"17":1,"18":19,"19":2,"20":17,"21":1,"22":16,"23":14,"24":14,"25":14,"26":14,"27":14,"28":14,"29":1,"30":14,"31":14,"32":0,"33":14,"34":17,"35":17,"36":14,"37":14,"38":0,"39":14,"40":0,"41":14,"42":0,"43":14,"44":0,"45":14,"46":0,"47":14,"48":98,"49":98,"50":0,"51":98,"52":14,"53":14,"54":14,"55":14,"56":14,"57":14,"58":14,"59":14,"60":13,"61":13},"f":{"0":19,"1":17,"2":14,"3":14,"4":98,"5":14,"6":14},"b":{"0":[2],"1":[1],"2":[0],"3":[0],"4":[0],"5":[0],"6":[14,14],"7":[0],"8":[14,14],"9":[1,13],"10":[1,13]}}
,"/Users/sammy/go/src/github.com/samuelwoodcore/projects/tracelit/sdk/node/src/logger-bridge.ts": {"path":"/Users/sammy/go/src/github.com/samuelwoodcore/projects/tracelit/sdk/node/src/logger-bridge.ts","statementMap":{"0":{"start":{"line":52,"column":0},"end":{"line":52,"column":16}},"1":{"start":{"line":210,"column":0},"end":{"line":210,"column":16}},"2":{"start":{"line":1,"column":0},"end":{"line":1,"column":60}},"3":{"start":{"line":2,"column":0},"end":{"line":2,"column":57}},"4":{"start":{"line":6,"column":13},"end":{"line":6,"column":31}},"5":{"start":{"line":19,"column":4},"end":{"line":25,"column":2}},"6":{"start":{"line":30,"column":4},"end":{"line":36,"column":2}},"7":{"start":{"line":56,"column":38},"end":{"line":56,"column":45}},"8":{"start":{"line":58,"column":29},"end":{"line":58,"column":73}},"9":{"start":{"line":60,"column":35},"end":{"line":60,"column":76}},"10":{"start":{"line":62,"column":4},"end":{"line":62,"column":61}},"11":{"start":{"line":64,"column":2},"end":{"line":91,"column":3}},"12":{"start":{"line":65,"column":21},"end":{"line":65,"column":50}},"13":{"start":{"line":66,"column":4},"end":{"line":66,"column":33}},"14":{"start":{"line":68,"column":4},"end":{"line":90,"column":6}},"15":{"start":{"line":69,"column":6},"end":{"line":71,"column":7}},"16":{"start":{"line":70,"column":8},"end":{"line":70,"column":26}},"17":{"start":{"line":73,"column":6},"end":{"line":89,"column":7}},"18":{"start":{"line":74,"column":21},"end":{"line":78,"column":20}},"19":{"start":{"line":76,"column":12},"end":{"line":76,"column":56}},"20":{"start":{"line":80,"column":8},"end":{"line":86,"column":11}},"21":{"start":{"line":93,"column":2},"end":{"line":97,"column":4}},"22":{"start":{"line":94,"column":4},"end":{"line":96,"column":5}},"23":{"start":{"line":95,"column":6},"end":{"line":95,"column":75}},"24":{"start":{"line":120,"column":2},"end":{"line":120,"column":36}},"25":{"start":{"line":147,"column":4},"end":{"line":147,"column":67}},"26":{"start":{"line":158,"column":4},"end":{"line":186,"column":5}},"27":{"start":{"line":159,"column":42},"end":{"line":159,"column":46}},"28":{"start":{"line":161,"column":8},"end":{"line":161,"column":64}},"29":{"start":{"line":163,"column":8},"end":{"line":163,"column":56}},"30":{"start":{"line":165,"column":49},"end":{"line":165,"column":51}},"31":{"start":{"line":166,"column":6},"end":{"line":172,"column":7}},"32":{"start":{"line":167,"column":8},"end":{"line":171,"column":9}},"33":{"start":{"line":168,"column":10},"end":{"line":168,"column":28}},"34":{"start":{"line":169,"column":15},"end":{"line":171,"column":9}},"35":{"start":{"line":170,"column":10},"end":{"line":170,"column":43}},"36":{"start":{"line":174,"column":6},"end":{"line":181,"column":9}},"37":{"start":{"line":185,"column":6},"end":{"line":185,"column":17}},"38":{"start":{"line":118,"column":0},"end":{"line":118,"column":13}},"39":{"start":{"line":126,"column":26},"end":{"line":126,"column":70}},"40":{"start":{"line":136,"column":26},"end":{"line":136,"column":67}},"41":{"start":{"line":213,"column":29},"end":{"line":213,"column":70}},"42":{"start":{"line":219,"column":30},"end":{"line":226,"column":3}},"43":{"start":{"line":220,"column":4},"end":{"line":220,"column":49}},"44":{"start":{"line":220,"column":21},"end":{"line":220,"column":49}},"45":{"start":{"line":221,"column":4},"end":{"line":221,"column":49}},"46":{"start":{"line":221,"column":21},"end":{"line":221,"column":49}},"47":{"start":{"line":222,"column":4},"end":{"line":222,"column":48}},"48":{"start":{"line":222,"column":21},"end":{"line":222,"column":48}},"49":{"start":{"line":223,"column":4},"end":{"line":223,"column":48}},"50":{"start":{"line":223,"column":21},"end":{"line":223,"column":48}},"51":{"start":{"line":224,"column":4},"end":{"line":224,"column":49}},"52":{"start":{"line":224,"column":21},"end":{"line":224,"column":49}},"53":{"start":{"line":225,"column":4},"end":{"line":225,"column":32}},"54":{"start":{"line":228,"column":26},"end":{"line":235,"column":3}},"55":{"start":{"line":229,"column":4},"end":{"line":229,"column":36}},"56":{"start":{"line":229,"column":21},"end":{"line":229,"column":36}},"57":{"start":{"line":230,"column":4},"end":{"line":230,"column":36}},"58":{"start":{"line":230,"column":21},"end":{"line":230,"column":36}},"59":{"start":{"line":231,"column":4},"end":{"line":231,"column":35}},"60":{"start":{"line":231,"column":21},"end":{"line":231,"column":35}},"61":{"start":{"line":232,"column":4},"end":{"line":232,"column":35}},"62":{"start":{"line":232,"column":21},"end":{"line":232,"column":35}},"63":{"start":{"line":233,"column":4},"end":{"line":233,"column":36}},"64":{"start":{"line":233,"column":21},"end":{"line":233,"column":36}},"65":{"start":{"line":234,"column":4},"end":{"line":234,"column":19}},"66":{"start":{"line":237,"column":19},"end":{"line":282,"column":29}},"67":{"start":{"line":244,"column":6},"end":{"line":279,"column":7}},"68":{"start":{"line":245,"column":21},"end":{"line":245,"column":44}},"69":{"start":{"line":246,"column":8},"end":{"line":249,"column":9}},"70":{"start":{"line":247,"column":10},"end":{"line":247,"column":17}},"71":{"start":{"line":248,"column":10},"end":{"line":248,"column":17}},"72":{"start":{"line":251,"column":23},"end":{"line":251,"column":null}},"73":{"start":{"line":258,"column":56},"end":{"line":258,"column":62}},"74":{"start":{"line":260,"column":51},"end":{"line":260,"column":53}},"75":{"start":{"line":261,"column":8},"end":{"line":267,"column":9}},"76":{"start":{"line":262,"column":10},"end":{"line":266,"column":11}},"77":{"start":{"line":263,"column":12},"end":{"line":263,"column":30}},"78":{"start":{"line":264,"column":17},"end":{"line":266,"column":11}},"79":{"start":{"line":265,"column":12},"end":{"line":265,"column":45}},"80":{"start":{"line":269,"column":8},"end":{"line":276,"column":11}},"81":{"start":{"line":280,"column":6},"end":{"line":280,"column":13}},"82":{"start":{"line":284,"column":2},"end":{"line":284,"column":18}},"83":{"start":{"line":288,"column":2},"end":{"line":292,"column":3}},"84":{"start":{"line":289,"column":4},"end":{"line":289,"column":50}},"85":{"start":{"line":291,"column":4},"end":{"line":291,"column":25}}},"fnMap":{"0":{"name":"installConsoleBridge","decl":{"start":{"line":52,"column":16},"end":{"line":52,"column":36}},"loc":{"start":{"line":54,"column":36},"end":{"line":98,"column":1}}},"1":{"name":"(anonymous_1)","decl":{"start":{"line":68,"column":22},"end":{"line":68,"column":23}},"loc":{"start":{"line":68,"column":51},"end":{"line":90,"column":5}}},"2":{"name":"(anonymous_2)","decl":{"start":{"line":75,"column":15},"end":{"line":75,"column":16}},"loc":{"start":{"line":76,"column":12},"end":{"line":76,"column":56}}},"3":{"name":"restore","decl":{"start":{"line":93,"column":18},"end":{"line":93,"column":25}},"loc":{"start":{"line":93,"column":25},"end":{"line":97,"column":3}}},"4":{"name":"(anonymous_4)","decl":{"start":{"line":146,"column":2},"end":{"line":146,"column":14}},"loc":{"start":{"line":146,"column":44},"end":{"line":148,"column":3}}},"5":{"name":"(anonymous_5)","decl":{"start":{"line":154,"column":2},"end":{"line":154,"column":5}},"loc":{"start":{"line":156,"column":24},"end":{"line":187,"column":3}}},"6":{"name":"createPinoDestination","decl":{"start":{"line":210,"column":16},"end":{"line":210,"column":37}},"loc":{"start":{"line":211,"column":32},"end":{"line":285,"column":1}}},"7":{"name":"(anonymous_7)","decl":{"start":{"line":219,"column":30},"end":{"line":219,"column":31}},"loc":{"start":{"line":219,"column":64},"end":{"line":226,"column":3}}},"8":{"name":"(anonymous_8)","decl":{"start":{"line":228,"column":26},"end":{"line":228,"column":27}},"loc":{"start":{"line":228,"column":52},"end":{"line":235,"column":3}}},"9":{"name":"(anonymous_9)","decl":{"start":{"line":239,"column":4},"end":{"line":239,"column":9}},"loc":{"start":{"line":242,"column":33},"end":{"line":281,"column":5}}},"10":{"name":"safeStringify","decl":{"start":{"line":287,"column":9},"end":{"line":287,"column":22}},"loc":{"start":{"line":287,"column":37},"end":{"line":293,"column":1}}}},"branchMap":{"0":{"loc":{"start":{"line":54,"column":2},"end":{"line":54,"column":36}},"type":"default-arg","locations":[{"start":{"line":54,"column":34},"end":{"line":54,"column":36}}]},"1":{"loc":{"start":{"line":56,"column":10},"end":{"line":56,"column":33}},"type":"default-arg","locations":[{"start":{"line":56,"column":29},"end":{"line":56,"column":33}}]},"2":{"loc":{"start":{"line":69,"column":6},"end":{"line":71,"column":7}},"type":"if","locations":[{"start":{"line":69,"column":6},"end":{"line":71,"column":7}}]},"3":{"loc":{"start":{"line":76,"column":12},"end":{"line":76,"column":56}},"type":"cond-expr","locations":[{"start":{"line":76,"column":36},"end":{"line":76,"column":37}},{"start":{"line":76,"column":40},"end":{"line":76,"column":56}}]},"4":{"loc":{"start":{"line":161,"column":8},"end":{"line":161,"column":64}},"type":"binary-expr","locations":[{"start":{"line":161,"column":8},"end":{"line":161,"column":41}},{"start":{"line":161,"column":45},"end":{"line":161,"column":64}}]},"5":{"loc":{"start":{"line":163,"column":8},"end":{"line":163,"column":56}},"type":"binary-expr","locations":[{"start":{"line":163,"column":8},"end":{"line":163,"column":46}},{"start":{"line":163,"column":50},"end":{"line":163,"column":56}}]},"6":{"loc":{"start":{"line":167,"column":8},"end":{"line":171,"column":9}},"type":"if","locations":[{"start":{"line":167,"column":8},"end":{"line":171,"column":9}},{"start":{"line":169,"column":15},"end":{"line":171,"column":9}}]},"7":{"loc":{"start":{"line":169,"column":15},"end":{"line":171,"column":9}},"type":"if","locations":[{"start":{"line":169,"column":15},"end":{"line":171,"column":9}}]},"8":{"loc":{"start":{"line":169,"column":19},"end":{"line":169,"column":48}},"type":"binary-expr","locations":[{"start":{"line":169,"column":19},"end":{"line":169,"column":34}},{"start":{"line":169,"column":38},"end":{"line":169,"column":48}}]},"9":{"loc":{"start":{"line":220,"column":4},"end":{"line":220,"column":49}},"type":"if","locations":[{"start":{"line":220,"column":4},"end":{"line":220,"column":49}}]},"10":{"loc":{"start":{"line":221,"column":4},"end":{"line":221,"column":49}},"type":"if","locations":[{"start":{"line":221,"column":4},"end":{"line":221,"column":49}}]},"11":{"loc":{"start":{"line":222,"column":4},"end":{"line":222,"column":48}},"type":"if","locations":[{"start":{"line":222,"column":4},"end":{"line":222,"column":48}}]},"12":{"loc":{"start":{"line":223,"column":4},"end":{"line":223,"column":48}},"type":"if","locations":[{"start":{"line":223,"column":4},"end":{"line":223,"column":48}}]},"13":{"loc":{"start":{"line":224,"column":4},"end":{"line":224,"column":49}},"type":"if","locations":[{"start":{"line":224,"column":4},"end":{"line":224,"column":49}}]},"14":{"loc":{"start":{"line":229,"column":4},"end":{"line":229,"column":36}},"type":"if","locations":[{"start":{"line":229,"column":4},"end":{"line":229,"column":36}}]},"15":{"loc":{"start":{"line":230,"column":4},"end":{"line":230,"column":36}},"type":"if","locations":[{"start":{"line":230,"column":4},"end":{"line":230,"column":36}}]},"16":{"loc":{"start":{"line":231,"column":4},"end":{"line":231,"column":35}},"type":"if","locations":[{"start":{"line":231,"column":4},"end":{"line":231,"column":35}}]},"17":{"loc":{"start":{"line":232,"column":4},"end":{"line":232,"column":35}},"type":"if","locations":[{"start":{"line":232,"column":4},"end":{"line":232,"column":35}}]},"18":{"loc":{"start":{"line":233,"column":4},"end":{"line":233,"column":36}},"type":"if","locations":[{"start":{"line":233,"column":4},"end":{"line":233,"column":36}}]},"19":{"loc":{"start":{"line":246,"column":8},"end":{"line":249,"column":9}},"type":"if","locations":[{"start":{"line":246,"column":8},"end":{"line":249,"column":9}}]},"20":{"loc":{"start":{"line":258,"column":16},"end":{"line":258,"column":26}},"type":"default-arg","locations":[{"start":{"line":258,"column":24},"end":{"line":258,"column":26}}]},"21":{"loc":{"start":{"line":258,"column":28},"end":{"line":258,"column":36}},"type":"default-arg","locations":[{"start":{"line":258,"column":34},"end":{"line":258,"column":36}}]},"22":{"loc":{"start":{"line":262,"column":10},"end":{"line":266,"column":11}},"type":"if","locations":[{"start":{"line":262,"column":10},"end":{"line":266,"column":11}},{"start":{"line":264,"column":17},"end":{"line":266,"column":11}}]},"23":{"loc":{"start":{"line":264,"column":17},"end":{"line":266,"column":11}},"type":"if","locations":[{"start":{"line":264,"column":17},"end":{"line":266,"column":11}}]},"24":{"loc":{"start":{"line":264,"column":21},"end":{"line":264,"column":50}},"type":"binary-expr","locations":[{"start":{"line":264,"column":21},"end":{"line":264,"column":36}},{"start":{"line":264,"column":40},"end":{"line":264,"column":50}}]},"25":{"loc":{"start":{"line":270,"column":21},"end":{"line":270,"column":39}},"type":"binary-expr","locations":[{"start":{"line":270,"column":21},"end":{"line":270,"column":25}},{"start":{"line":270,"column":29},"end":{"line":270,"column":39}}]},"26":{"loc":{"start":{"line":289,"column":11},"end":{"line":289,"column":49}},"type":"binary-expr","locations":[{"start":{"line":289,"column":11},"end":{"line":289,"column":32}},{"start":{"line":289,"column":36},"end":{"line":289,"column":49}}]}},"s":{"0":1,"1":1,"2":1,"3":1,"4":1,"5":1,"6":1,"7":16,"8":16,"9":16,"10":16,"11":16,"12":80,"13":80,"14":80,"15":12,"16":1,"17":12,"18":12,"19":14,"20":12,"21":16,"22":19,"23":95,"24":14,"25":14,"26":12,"27":12,"28":12,"29":12,"30":12,"31":12,"32":2,"33":1,"34":1,"35":1,"36":12,"37":12,"38":1,"39":1,"40":1,"41":7,"42":7,"43":9,"44":1,"45":8,"46":1,"47":7,"48":1,"49":6,"50":4,"51":2,"52":1,"53":1,"54":7,"55":9,"56":1,"57":8,"58":1,"59":7,"60":1,"61":6,"62":4,"63":2,"64":1,"65":1,"66":7,"67":11,"68":11,"69":11,"70":1,"71":1,"72":10,"73":9,"74":9,"75":9,"76":1,"77":1,"78":0,"79":0,"80":9,"81":10,"82":7,"83":3,"84":3,"85":0},"f":{"0":16,"1":12,"2":14,"3":19,"4":14,"5":12,"6":7,"7":9,"8":9,"9":11,"10":3},"b":{"0":[0],"1":[0],"2":[1],"3":[12,2],"4":[12,1],"5":[12,1],"6":[1,1],"7":[1],"8":[1,1],"9":[1],"10":[1],"11":[1],"12":[4],"13":[1],"14":[1],"15":[1],"16":[1],"17":[4],"18":[1],"19":[1],"20":[0],"21":[0],"22":[1,0],"23":[0],"24":[0,0],"25":[9,8],"26":[3,0]}}
,"/Users/sammy/go/src/github.com/samuelwoodcore/projects/tracelit/sdk/node/src/metrics.ts": {"path":"/Users/sammy/go/src/github.com/samuelwoodcore/projects/tracelit/sdk/node/src/metrics.ts","statementMap":{"0":{"start":{"line":34,"column":0},"end":{"line":34,"column":16}},"1":{"start":{"line":73,"column":0},"end":{"line":73,"column":16}},"2":{"start":{"line":97,"column":0},"end":{"line":97,"column":16}},"3":{"start":{"line":120,"column":0},"end":{"line":120,"column":16}},"4":{"start":{"line":143,"column":0},"end":{"line":143,"column":16}},"5":{"start":{"line":170,"column":0},"end":{"line":170,"column":16}},"6":{"start":{"line":192,"column":0},"end":{"line":192,"column":16}},"7":{"start":{"line":226,"column":0},"end":{"line":226,"column":16}},"8":{"start":{"line":277,"column":0},"end":{"line":277,"column":16}},"9":{"start":{"line":1,"column":0},"end":{"line":1,"column":60}},"10":{"start":{"line":9,"column":0},"end":{"line":9,"column":null}},"11":{"start":{"line":13,"column":0},"end":{"line":13,"column":80}},"12":{"start":{"line":17,"column":13},"end":{"line":17,"column":31}},"13":{"start":{"line":20,"column":26},"end":{"line":20,"column":30}},"14":{"start":{"line":21,"column":37},"end":{"line":21,"column":41}},"15":{"start":{"line":40,"column":2},"end":{"line":40,"column":29}},"16":{"start":{"line":40,"column":22},"end":{"line":40,"column":29}},"17":{"start":{"line":42,"column":2},"end":{"line":69,"column":3}},"18":{"start":{"line":43,"column":21},"end":{"line":46,"column":6}},"19":{"start":{"line":48,"column":19},"end":{"line":52,"column":6}},"20":{"start":{"line":54,"column":4},"end":{"line":57,"column":7}},"21":{"start":{"line":59,"column":4},"end":{"line":59,"column":49}},"22":{"start":{"line":61,"column":4},"end":{"line":61,"column":52}},"23":{"start":{"line":63,"column":4},"end":{"line":63,"column":26}},"24":{"start":{"line":64,"column":4},"end":{"line":64,"column":32}},"25":{"start":{"line":66,"column":4},"end":{"line":68,"column":6}},"26":{"start":{"line":74,"column":2},"end":{"line":74,"column":15}},"27":{"start":{"line":75,"column":2},"end":{"line":78,"column":3}},"28":{"start":{"line":76,"column":4},"end":{"line":76,"column":47}},"29":{"start":{"line":76,"column":36},"end":{"line":76,"column":45}},"30":{"start":{"line":77,"column":4},"end":{"line":77,"column":20}},"31":{"start":{"line":101,"column":2},"end":{"line":101,"column":26}},"32":{"start":{"line":101,"column":14},"end":{"line":101,"column":26}},"33":{"start":{"line":102,"column":2},"end":{"line":105,"column":5}},"34":{"start":{"line":124,"column":2},"end":{"line":124,"column":26}},"35":{"start":{"line":124,"column":14},"end":{"line":124,"column":26}},"36":{"start":{"line":125,"column":2},"end":{"line":128,"column":5}},"37":{"start":{"line":147,"column":2},"end":{"line":147,"column":26}},"38":{"start":{"line":147,"column":14},"end":{"line":147,"column":26}},"39":{"start":{"line":148,"column":2},"end":{"line":151,"column":5}},"40":{"start":{"line":174,"column":2},"end":{"line":174,"column":26}},"41":{"start":{"line":174,"column":14},"end":{"line":174,"column":26}},"42":{"start":{"line":175,"column":2},"end":{"line":178,"column":5}},"43":{"start":{"line":193,"column":2},"end":{"line":193,"column":26}},"44":{"start":{"line":193,"column":14},"end":{"line":193,"column":26}},"45":{"start":{"line":195,"column":19},"end":{"line":198,"column":4}},"46":{"start":{"line":200,"column":14},"end":{"line":200,"column":33}},"47":{"start":{"line":202,"column":16},"end":{"line":212,"column":12}},"48":{"start":{"line":203,"column":4},"end":{"line":211,"column":5}},"49":{"start":{"line":204,"column":20},"end":{"line":204,"column":61}},"50":{"start":{"line":205,"column":6},"end":{"line":208,"column":9}},"51":{"start":{"line":215,"column":2},"end":{"line":215,"column":16}},"52":{"start":{"line":216,"column":2},"end":{"line":216,"column":15}},"53":{"start":{"line":227,"column":2},"end":{"line":227,"column":26}},"54":{"start":{"line":227,"column":14},"end":{"line":227,"column":26}},"55":{"start":{"line":229,"column":23},"end":{"line":232,"column":4}},"56":{"start":{"line":234,"column":14},"end":{"line":234,"column":33}},"57":{"start":{"line":235,"column":22},"end":{"line":235,"column":28}},"58":{"start":{"line":236,"column":17},"end":{"line":236,"column":27}},"59":{"start":{"line":238,"column":16},"end":{"line":250,"column":17}},"60":{"start":{"line":239,"column":4},"end":{"line":249,"column":5}},"61":{"start":{"line":240,"column":18},"end":{"line":240,"column":28}},"62":{"start":{"line":241,"column":18},"end":{"line":241,"column":59}},"63":{"start":{"line":242,"column":6},"end":{"line":242,"column":21}},"64":{"start":{"line":243,"column":6},"end":{"line":246,"column":9}},"65":{"start":{"line":252,"column":2},"end":{"line":252,"column":16}},"66":{"start":{"line":253,"column":2},"end":{"line":253,"column":15}},"67":{"start":{"line":282,"column":2},"end":{"line":284,"column":3}},"68":{"start":{"line":283,"column":4},"end":{"line":283,"column":40}},"69":{"start":{"line":283,"column":33},"end":{"line":283,"column":39}},"70":{"start":{"line":286,"column":25},"end":{"line":289,"column":4}},"71":{"start":{"line":291,"column":28},"end":{"line":296,"column":null}},"72":{"start":{"line":299,"column":23},"end":{"line":302,"column":4}},"73":{"start":{"line":304,"column":2},"end":{"line":336,"column":4}},"74":{"start":{"line":309,"column":18},"end":{"line":309,"column":28}},"75":{"start":{"line":311,"column":4},"end":{"line":333,"column":5}},"76":{"start":{"line":312,"column":6},"end":{"line":330,"column":9}},"77":{"start":{"line":313,"column":8},"end":{"line":329,"column":9}},"78":{"start":{"line":314,"column":26},"end":{"line":314,"column":44}},"79":{"start":{"line":315,"column":24},"end":{"line":319,"column":12}},"80":{"start":{"line":321,"column":10},"end":{"line":321,"column":39}},"81":{"start":{"line":322,"column":10},"end":{"line":322,"column":51}},"82":{"start":{"line":324,"column":10},"end":{"line":326,"column":11}},"83":{"start":{"line":325,"column":12},"end":{"line":325,"column":39}},"84":{"start":{"line":335,"column":4},"end":{"line":335,"column":11}}},"fnMap":{"0":{"name":"setup","decl":{"start":{"line":34,"column":16},"end":{"line":34,"column":21}},"loc":{"start":{"line":38,"column":21},"end":{"line":70,"column":1}}},"1":{"name":"reset","decl":{"start":{"line":73,"column":16},"end":{"line":73,"column":21}},"loc":{"start":{"line":73,"column":21},"end":{"line":79,"column":1}}},"2":{"name":"(anonymous_2)","decl":{"start":{"line":76,"column":30},"end":{"line":76,"column":33}},"loc":{"start":{"line":76,"column":36},"end":{"line":76,"column":45}}},"3":{"name":"counter","decl":{"start":{"line":97,"column":16},"end":{"line":97,"column":23}},"loc":{"start":{"line":99,"column":33},"end":{"line":106,"column":1}}},"4":{"name":"histogram","decl":{"start":{"line":120,"column":16},"end":{"line":120,"column":25}},"loc":{"start":{"line":122,"column":33},"end":{"line":129,"column":1}}},"5":{"name":"gauge","decl":{"start":{"line":143,"column":16},"end":{"line":143,"column":21}},"loc":{"start":{"line":145,"column":33},"end":{"line":152,"column":1}}},"6":{"name":"observableGauge","decl":{"start":{"line":170,"column":16},"end":{"line":170,"column":31}},"loc":{"start":{"line":172,"column":33},"end":{"line":179,"column":1}}},"7":{"name":"installMemoryPoller","decl":{"start":{"line":192,"column":16},"end":{"line":192,"column":35}},"loc":{"start":{"line":192,"column":35},"end":{"line":217,"column":1}}},"8":{"name":"(anonymous_8)","decl":{"start":{"line":202,"column":28},"end":{"line":202,"column":31}},"loc":{"start":{"line":202,"column":33},"end":{"line":212,"column":3}}},"9":{"name":"installEventLoopLagPoller","decl":{"start":{"line":226,"column":16},"end":{"line":226,"column":41}},"loc":{"start":{"line":226,"column":41},"end":{"line":254,"column":1}}},"10":{"name":"(anonymous_10)","decl":{"start":{"line":238,"column":28},"end":{"line":238,"column":31}},"loc":{"start":{"line":238,"column":33},"end":{"line":250,"column":3}}},"11":{"name":"expressMetricsMiddleware","decl":{"start":{"line":277,"column":16},"end":{"line":277,"column":40}},"loc":{"start":{"line":277,"column":40},"end":{"line":337,"column":1}}},"12":{"name":"(anonymous_12)","decl":{"start":{"line":283,"column":11},"end":{"line":283,"column":12}},"loc":{"start":{"line":283,"column":33},"end":{"line":283,"column":39}}},"13":{"name":"traceLitMetricsMiddleware","decl":{"start":{"line":304,"column":18},"end":{"line":304,"column":43}},"loc":{"start":{"line":307,"column":20},"end":{"line":336,"column":3}}},"14":{"name":"(anonymous_14)","decl":{"start":{"line":312,"column":23},"end":{"line":312,"column":26}},"loc":{"start":{"line":312,"column":28},"end":{"line":330,"column":7}}}},"branchMap":{"0":{"loc":{"start":{"line":40,"column":2},"end":{"line":40,"column":29}},"type":"if","locations":[{"start":{"line":40,"column":2},"end":{"line":40,"column":29}}]},"1":{"loc":{"start":{"line":75,"column":2},"end":{"line":78,"column":3}},"type":"if","locations":[{"start":{"line":75,"column":2},"end":{"line":78,"column":3}}]},"2":{"loc":{"start":{"line":99,"column":2},"end":{"line":99,"column":33}},"type":"default-arg","locations":[{"start":{"line":99,"column":31},"end":{"line":99,"column":33}}]},"3":{"loc":{"start":{"line":101,"column":2},"end":{"line":101,"column":26}},"type":"if","locations":[{"start":{"line":101,"column":2},"end":{"line":101,"column":26}}]},"4":{"loc":{"start":{"line":103,"column":17},"end":{"line":103,"column":42}},"type":"binary-expr","locations":[{"start":{"line":103,"column":17},"end":{"line":103,"column":36}},{"start":{"line":103,"column":40},"end":{"line":103,"column":42}}]},"5":{"loc":{"start":{"line":104,"column":10},"end":{"line":104,"column":28}},"type":"binary-expr","locations":[{"start":{"line":104,"column":10},"end":{"line":104,"column":22}},{"start":{"line":104,"column":26},"end":{"line":104,"column":28}}]},"6":{"loc":{"start":{"line":122,"column":2},"end":{"line":122,"column":33}},"type":"default-arg","locations":[{"start":{"line":122,"column":31},"end":{"line":122,"column":33}}]},"7":{"loc":{"start":{"line":124,"column":2},"end":{"line":124,"column":26}},"type":"if","locations":[{"start":{"line":124,"column":2},"end":{"line":124,"column":26}}]},"8":{"loc":{"start":{"line":126,"column":17},"end":{"line":126,"column":42}},"type":"binary-expr","locations":[{"start":{"line":126,"column":17},"end":{"line":126,"column":36}},{"start":{"line":126,"column":40},"end":{"line":126,"column":42}}]},"9":{"loc":{"start":{"line":127,"column":10},"end":{"line":127,"column":28}},"type":"binary-expr","locations":[{"start":{"line":127,"column":10},"end":{"line":127,"column":22}},{"start":{"line":127,"column":26},"end":{"line":127,"column":28}}]},"10":{"loc":{"start":{"line":145,"column":2},"end":{"line":145,"column":33}},"type":"default-arg","locations":[{"start":{"line":145,"column":31},"end":{"line":145,"column":33}}]},"11":{"loc":{"start":{"line":147,"column":2},"end":{"line":147,"column":26}},"type":"if","locations":[{"start":{"line":147,"column":2},"end":{"line":147,"column":26}}]},"12":{"loc":{"start":{"line":149,"column":17},"end":{"line":149,"column":42}},"type":"binary-expr","locations":[{"start":{"line":149,"column":17},"end":{"line":149,"column":36}},{"start":{"line":149,"column":40},"end":{"line":149,"column":42}}]},"13":{"loc":{"start":{"line":150,"column":10},"end":{"line":150,"column":28}},"type":"binary-expr","locations":[{"start":{"line":150,"column":10},"end":{"line":150,"column":22}},{"start":{"line":150,"column":26},"end":{"line":150,"column":28}}]},"14":{"loc":{"start":{"line":172,"column":2},"end":{"line":172,"column":33}},"type":"default-arg","locations":[{"start":{"line":172,"column":31},"end":{"line":172,"column":33}}]},"15":{"loc":{"start":{"line":174,"column":2},"end":{"line":174,"column":26}},"type":"if","locations":[{"start":{"line":174,"column":2},"end":{"line":174,"column":26}}]},"16":{"loc":{"start":{"line":176,"column":17},"end":{"line":176,"column":42}},"type":"binary-expr","locations":[{"start":{"line":176,"column":17},"end":{"line":176,"column":36}},{"start":{"line":176,"column":40},"end":{"line":176,"column":42}}]},"17":{"loc":{"start":{"line":177,"column":10},"end":{"line":177,"column":28}},"type":"binary-expr","locations":[{"start":{"line":177,"column":10},"end":{"line":177,"column":22}},{"start":{"line":177,"column":26},"end":{"line":177,"column":28}}]},"18":{"loc":{"start":{"line":193,"column":2},"end":{"line":193,"column":26}},"type":"if","locations":[{"start":{"line":193,"column":2},"end":{"line":193,"column":26}}]},"19":{"loc":{"start":{"line":227,"column":2},"end":{"line":227,"column":26}},"type":"if","locations":[{"start":{"line":227,"column":2},"end":{"line":227,"column":26}}]},"20":{"loc":{"start":{"line":282,"column":2},"end":{"line":284,"column":3}},"type":"if","locations":[{"start":{"line":282,"column":2},"end":{"line":284,"column":3}}]},"21":{"loc":{"start":{"line":316,"column":27},"end":{"line":316,"column":50}},"type":"binary-expr","locations":[{"start":{"line":316,"column":27},"end":{"line":316,"column":37}},{"start":{"line":316,"column":41},"end":{"line":316,"column":50}}]},"22":{"loc":{"start":{"line":317,"column":27},"end":{"line":317,"column":95}},"type":"binary-expr","locations":[{"start":{"line":317,"column":27},"end":{"line":317,"column":65}},{"start":{"line":317,"column":69},"end":{"line":317,"column":77}},{"start":{"line":317,"column":81},"end":{"line":317,"column":88}},{"start":{"line":317,"column":92},"end":{"line":317,"column":95}}]},"23":{"loc":{"start":{"line":324,"column":10},"end":{"line":326,"column":11}},"type":"if","locations":[{"start":{"line":324,"column":10},"end":{"line":326,"column":11}}]}},"s":{"0":2,"1":2,"2":2,"3":2,"4":2,"5":2,"6":2,"7":2,"8":2,"9":2,"10":2,"11":2,"12":2,"13":2,"14":2,"15":35,"16":2,"17":33,"18":33,"19":33,"20":33,"21":32,"22":32,"23":32,"24":32,"25":1,"26":43,"27":43,"28":32,"29":0,"30":32,"31":3,"32":1,"33":2,"34":2,"35":1,"36":1,"37":2,"38":1,"39":1,"40":2,"41":1,"42":1,"43":36,"44":1,"45":35,"46":35,"47":35,"48":0,"49":0,"50":0,"51":35,"52":35,"53":35,"54":1,"55":34,"56":34,"57":34,"58":34,"59":34,"60":0,"61":0,"62":0,"63":0,"64":0,"65":34,"66":34,"67":6,"68":1,"69":1,"70":5,"71":5,"72":5,"73":5,"74":4,"75":4,"76":4,"77":2,"78":2,"79":2,"80":2,"81":2,"82":2,"83":1,"84":4},"f":{"0":35,"1":43,"2":0,"3":3,"4":2,"5":2,"6":2,"7":36,"8":0,"9":35,"10":0,"11":6,"12":1,"13":4,"14":2},"b":{"0":[2],"1":[32],"2":[2],"3":[1],"4":[2,1],"5":[2,1],"6":[1],"7":[1],"8":[1,1],"9":[1,0],"10":[1],"11":[1],"12":[1,0],"13":[1,1],"14":[2],"15":[1],"16":[1,1],"17":[1,1],"18":[1],"19":[1],"20":[1],"21":[2,0],"22":[2,2,0,0],"23":[1]}}
}
