TN:
SF:src/configuration.ts
FN:29,(anonymous_0)
FN:43,(anonymous_1)
FN:70,(anonymous_2)
FN:81,(anonymous_3)
FN:89,(anonymous_4)
FN:98,parseSampleRate
FNF:6
FNH:6
FNDA:56,(anonymous_0)
FNDA:25,(anonymous_1)
FNDA:35,(anonymous_2)
FNDA:45,(anonymous_3)
FNDA:16,(anonymous_4)
FNDA:56,parseSampleRate
DA:3,2
DA:20,2
DA:30,56
DA:31,56
DA:32,56
DA:33,56
DA:34,56
DA:35,56
DA:36,56
DA:44,25
DA:45,3
DA:51,22
DA:52,3
DA:58,19
DA:59,2
DA:71,35
DA:72,31
DA:74,4
DA:82,45
DA:90,16
DA:99,56
DA:100,3
DA:101,3
LF:23
LH:23
BRDA:32,0,0,56
BRDA:32,0,1,55
BRDA:33,1,0,56
BRDA:33,1,1,55
BRDA:44,2,0,3
BRDA:51,3,0,3
BRDA:58,4,0,2
BRDA:58,5,0,19
BRDA:58,5,1,18
BRDA:71,6,0,31
BRDA:71,7,0,35
BRDA:71,7,1,32
BRDA:91,8,0,16
BRDA:91,8,1,0
BRDA:99,9,0,53
BRDA:101,10,0,2
BRDA:101,10,1,1
BRF:17
BRH:16
end_of_record
TN:
SF:src/error-always-on-sampler.ts
FN:27,(anonymous_0)
FN:31,(anonymous_1)
FN:65,(anonymous_2)
FNF:3
FNH:3
FNDA:9,(anonymous_0)
FNDA:20,(anonymous_1)
FNDA:2,(anonymous_2)
DA:2,2
DA:7,2
DA:24,2
DA:28,9
DA:42,20
DA:43,20
DA:52,20
DA:53,6
DA:59,14
DA:60,14
DA:61,14
DA:62,14
DA:66,2
LF:13
LH:13
BRDA:52,0,0,6
BRDA:60,1,0,0
BRDA:61,2,0,0
BRF:3
BRH:1
end_of_record
TN:
SF:src/error-span-processor.ts
FN:25,(anonymous_0)
FN:30,(anonymous_1)
FN:34,(anonymous_2)
FN:44,(anonymous_3)
FN:54,(anonymous_4)
FN:58,(anonymous_5)
FNF:6
FNH:6
FNDA:26,(anonymous_0)
FNDA:1,(anonymous_1)
FNDA:7,(anonymous_2)
FNDA:3,(anonymous_3)
FNDA:2,(anonymous_4)
FNDA:2,(anonymous_5)
DA:2,2
DA:5,2
DA:22,2
DA:26,26
DA:35,7
DA:37,7
DA:41,5
DA:44,4
DA:45,3
DA:55,2
DA:61,2
LF:11
LH:11
BRDA:37,0,0,2
BRDA:41,1,0,1
BRDA:45,2,0,1
BRDA:55,3,0,2
BRDA:55,3,1,1
BRF:5
BRH:5
end_of_record
TN:
SF:src/instrumentation.ts
FN:40,setup
FN:72,reset
FN:81,buildResource
FN:99,detectFramework
FN:109,isModulePresent
FN:119,setupTraces
FN:162,setupLogs
FNF:7
FNH:7
FNDA:19,setup
FNDA:17,reset
FNDA:14,buildResource
FNDA:14,detectFramework
FNDA:98,isModulePresent
FNDA:14,setupTraces
FNDA:14,setupLogs
DA:1,1
DA:2,1
DA:3,1
DA:4,1
DA:8,1
DA:13,1
DA:14,1
DA:15,1
DA:16,1
DA:17,1
DA:20,1
DA:21,1
DA:22,1
DA:23,1
DA:25,1
DA:28,1
DA:40,1
DA:41,19
DA:42,17
DA:44,16
DA:46,14
DA:47,14
DA:48,14
DA:50,14
DA:52,14
DA:53,14
DA:55,1
DA:60,14
DA:61,14
DA:63,0
DA:68,14
DA:72,1
DA:73,17
DA:74,17
DA:85,14
DA:100,14
DA:101,14
DA:102,14
DA:103,14
DA:104,14
DA:105,0
DA:106,14
DA:110,98
DA:112,98
DA:113,0
DA:115,98
DA:125,14
DA:131,14
DA:137,14
DA:146,14
DA:148,14
DA:159,14
DA:167,14
DA:172,14
DA:177,13
DA:180,13
LF:56
LH:53
BRDA:41,0,0,2
BRDA:42,1,0,1
BRDA:100,2,0,0
BRDA:101,3,0,0
BRDA:102,4,0,0
BRDA:103,5,0,0
BRDA:103,6,0,14
BRDA:103,6,1,14
BRDA:104,7,0,0
BRDA:104,8,0,14
BRDA:104,8,1,14
BRDA:131,9,0,1
BRDA:131,9,1,13
BRDA:139,10,0,1
BRDA:139,10,1,13
BRF:15
BRH:10
end_of_record
TN:
SF:src/logger-bridge.ts
FN:52,installConsoleBridge
FN:68,(anonymous_1)
FN:75,(anonymous_2)
FN:93,restore
FN:146,(anonymous_4)
FN:154,(anonymous_5)
FN:210,createPinoDestination
FN:219,(anonymous_7)
FN:228,(anonymous_8)
FN:239,(anonymous_9)
FN:287,safeStringify
FNF:11
FNH:11
FNDA:16,installConsoleBridge
FNDA:12,(anonymous_1)
FNDA:14,(anonymous_2)
FNDA:19,restore
FNDA:14,(anonymous_4)
FNDA:12,(anonymous_5)
FNDA:7,createPinoDestination
FNDA:9,(anonymous_7)
FNDA:9,(anonymous_8)
FNDA:11,(anonymous_9)
FNDA:3,safeStringify
DA:1,1
DA:2,1
DA:6,1
DA:19,1
DA:30,1
DA:52,1
DA:56,16
DA:58,16
DA:60,16
DA:62,16
DA:64,16
DA:65,80
DA:66,80
DA:68,80
DA:69,12
DA:70,1
DA:73,12
DA:74,12
DA:76,14
DA:80,12
DA:93,16
DA:94,19
DA:95,95
DA:118,1
DA:120,14
DA:126,1
DA:136,1
DA:147,14
DA:158,12
DA:159,12
DA:161,12
DA:163,12
DA:165,12
DA:166,12
DA:167,2
DA:168,1
DA:169,1
DA:170,1
DA:174,12
DA:185,12
DA:210,1
DA:213,7
DA:219,7
DA:220,9
DA:221,8
DA:222,7
DA:223,6
DA:224,2
DA:225,1
DA:228,7
DA:229,9
DA:230,8
DA:231,7
DA:232,6
DA:233,2
DA:234,1
DA:237,7
DA:244,11
DA:245,11
DA:246,11
DA:247,1
DA:248,1
DA:251,10
DA:258,9
DA:260,9
DA:261,9
DA:262,1
DA:263,1
DA:264,0
DA:265,0
DA:269,9
DA:280,10
DA:284,7
DA:288,3
DA:289,3
DA:291,0
LF:76
LH:73
BRDA:54,0,0,0
BRDA:56,1,0,0
BRDA:69,2,0,1
BRDA:76,3,0,12
BRDA:76,3,1,2
BRDA:161,4,0,12
BRDA:161,4,1,1
BRDA:163,5,0,12
BRDA:163,5,1,1
BRDA:167,6,0,1
BRDA:167,6,1,1
BRDA:169,7,0,1
BRDA:169,8,0,1
BRDA:169,8,1,1
BRDA:220,9,0,1
BRDA:221,10,0,1
BRDA:222,11,0,1
BRDA:223,12,0,4
BRDA:224,13,0,1
BRDA:229,14,0,1
BRDA:230,15,0,1
BRDA:231,16,0,1
BRDA:232,17,0,4
BRDA:233,18,0,1
BRDA:246,19,0,1
BRDA:258,20,0,0
BRDA:258,21,0,0
BRDA:262,22,0,1
BRDA:262,22,1,0
BRDA:264,23,0,0
BRDA:264,24,0,0
BRDA:264,24,1,0
BRDA:270,25,0,9
BRDA:270,25,1,8
BRDA:289,26,0,3
BRDA:289,26,1,0
BRF:36
BRH:27
end_of_record
TN:
SF:src/metrics.ts
FN:34,setup
FN:73,reset
FN:76,(anonymous_2)
FN:97,counter
FN:120,histogram
FN:143,gauge
FN:170,observableGauge
FN:192,installMemoryPoller
FN:202,(anonymous_8)
FN:226,installEventLoopLagPoller
FN:238,(anonymous_10)
FN:277,expressMetricsMiddleware
FN:283,(anonymous_12)
FN:304,traceLitMetricsMiddleware
FN:312,(anonymous_14)
FNF:15
FNH:12
FNDA:35,setup
FNDA:43,reset
FNDA:0,(anonymous_2)
FNDA:3,counter
FNDA:2,histogram
FNDA:2,gauge
FNDA:2,observableGauge
FNDA:36,installMemoryPoller
FNDA:0,(anonymous_8)
FNDA:35,installEventLoopLagPoller
FNDA:0,(anonymous_10)
FNDA:6,expressMetricsMiddleware
FNDA:1,(anonymous_12)
FNDA:4,traceLitMetricsMiddleware
FNDA:2,(anonymous_14)
DA:1,2
DA:9,2
DA:13,2
DA:17,2
DA:20,2
DA:21,2
DA:34,2
DA:40,35
DA:42,33
DA:43,33
DA:48,33
DA:54,33
DA:59,32
DA:61,32
DA:63,32
DA:64,32
DA:66,1
DA:73,2
DA:74,43
DA:75,43
DA:76,32
DA:77,32
DA:97,2
DA:101,3
DA:102,2
DA:120,2
DA:124,2
DA:125,1
DA:143,2
DA:147,2
DA:148,1
DA:170,2
DA:174,2
DA:175,1
DA:192,2
DA:193,36
DA:195,35
DA:200,35
DA:202,35
DA:203,0
DA:204,0
DA:205,0
DA:215,35
DA:216,35
DA:226,2
DA:227,35
DA:229,34
DA:234,34
DA:235,34
DA:236,34
DA:238,34
DA:239,0
DA:240,0
DA:241,0
DA:242,0
DA:243,0
DA:252,34
DA:253,34
DA:277,2
DA:282,6
DA:283,1
DA:286,5
DA:291,5
DA:299,5
DA:304,5
DA:309,4
DA:311,4
DA:312,4
DA:313,2
DA:314,2
DA:315,2
DA:321,2
DA:322,2
DA:324,2
DA:325,1
DA:335,4
LF:76
LH:68
BRDA:40,0,0,2
BRDA:75,1,0,32
BRDA:99,2,0,2
BRDA:101,3,0,1
BRDA:103,4,0,2
BRDA:103,4,1,1
BRDA:104,5,0,2
BRDA:104,5,1,1
BRDA:122,6,0,1
BRDA:124,7,0,1
BRDA:126,8,0,1
BRDA:126,8,1,1
BRDA:127,9,0,1
BRDA:127,9,1,0
BRDA:145,10,0,1
BRDA:147,11,0,1
BRDA:149,12,0,1
BRDA:149,12,1,0
BRDA:150,13,0,1
BRDA:150,13,1,1
BRDA:172,14,0,2
BRDA:174,15,0,1
BRDA:176,16,0,1
BRDA:176,16,1,1
BRDA:177,17,0,1
BRDA:177,17,1,1
BRDA:193,18,0,1
BRDA:227,19,0,1
BRDA:282,20,0,1
BRDA:316,21,0,2
BRDA:316,21,1,0
BRDA:317,22,0,2
BRDA:317,22,1,2
BRDA:317,22,2,0
BRDA:317,22,3,0
BRDA:324,23,0,1
BRF:36
BRH:31
end_of_record
